[00:00:00.000] (7f46586d3640) INFO   Train Random ...
[00:00:00.000] (7f46586d3640) INFO   Winner: (0, 7) | 1
[00:00:00.000] (7f46586d3640) INFO   Update LR - Old: 0.5 | New: 0.5
[00:00:00.000] (7f46586d3640) INFO   Update Sigma - Old: 0.5 | New: 0.5
[00:00:00.000] (7f46586d3640) INFO   Update NF - [[0.005802388782707045, 0.010966985747719737, 0.020728493193897073, 0.039178534555748365, 0.07405061021936192, 0.13996166360069526, 0.26453890413386766, 0.5, 0.26453890413386766, 0.13996166360069526],
 [0.0030699151398719364, 0.005802388782707049, 0.010966985747719732, 0.020728493193897076, 0.039178534555748365, 0.07405061021936192, 0.13996166360069526, 0.26453890413386766, 0.13996166360069526, 0.07405061021936192],
 [0.0016242239737713823, 0.0030699151398719386, 0.005802388782707046, 0.010966985747719735, 0.02072849319389708, 0.039178534555748365, 0.07405061021936192, 0.13996166360069526, 0.07405061021936192, 0.039178534555748365],
 [0.0008593408601788746, 0.0016242239737713833, 0.0030699151398719373, 0.005802388782707048, 0.010966985747719735, 0.02072849319389708, 0.039178534555748365, 0.07405061021936192, 0.039178534555748365, 0.02072849319389708],
 [0.00045465817885834934, 0.0008593408601788751, 0.0016242239737713825, 0.0030699151398719373, 0.005802388782707048, 0.010966985747719735, 0.020728493193897076, 0.039178534555748365, 0.020728493193897076, 0.010966985747719735],
 [0.00024054955278137542, 0.00045465817885834955, 0.0008593408601788745, 0.0016242239737713825, 0.0030699151398719373, 0.005802388782707046, 0.010966985747719732, 0.020728493193897073, 0.010966985747719732, 0.005802388782707046],
 [0.00012726943016535408, 0.0002405495527813757, 0.00045465817885834955, 0.0008593408601788751, 0.0016242239737713833, 0.0030699151398719386, 0.005802388782707049, 0.010966985747719737, 0.005802388782707049, 0.0030699151398719386],
 [0.0000673354311713691, 0.00012726943016535408, 0.00024054955278137542, 0.00045465817885834934, 0.0008593408601788746, 0.0016242239737713823, 0.0030699151398719364, 0.005802388782707045, 0.0030699151398719364, 0.0016242239737713823],
 [0.00003562568234291092, 0.00006733543117136916, 0.00012726943016535405, 0.00024054955278137553, 0.0004546581788583495, 0.0008593408601788748, 0.0016242239737713827, 0.0030699151398719373, 0.0016242239737713827, 0.0008593408601788748],
 [0.000018848757932029875, 0.00003562568234291095, 0.00006733543117136915, 0.00012726943016535413, 0.00024054955278137566, 0.00045465817885834966, 0.0008593408601788751, 0.0016242239737713833, 0.0008593408601788751, 0.00045465817885834966]], shape=[10, 10], strides=[10, 1], layout=C (0x1), const ndim=2
[00:00:00.001] (7f46586d3640) INFO   Update - Map: [[[0.2591740715625023, 0.3793067425259917, 0.8882314989370935],
  [0.3407318721943295, 0.6685546147333944, 0.6610117384658382],
  [0.7124376556729962, 0.5891582539833713, 0.38121534405429025],
  [0.9252543389033092, 0.339460700325653, 0.16932466233545942],
  [0.6205947525232526, 0.7666505195770746, 0.16464851646098852],
  [0.5072522983221499, 0.5972579531085626, 0.6212713121458828],
  [0.1742316926593533, 0.9150570654012933, 0.3637497550957667],
  [0.34988972866645557, 0.1734305504577099, 0.920597100767567],
  [0.2523885486255177, 0.6142904264078235, 0.7476277767354548],
  [0.4951243879342806, 0.05610179681457998, 0.8670088978014469]],

 [[0.45930551729630403, 0.8286980442149362, 0.3198405748111303],
  [0.7487398012610268, 0.29622351050854384, 0.5929926996427465],
  [0.05045030287239125, 0.9864012062711076, 0.15642067384776193],
  [0.18683927458151095, 0.9715607844335848, 0.14546727338013812],
  [0.3749179070058255, 0.6418133637143636, 0.6689635036113893],
  [0.4747091280560193, 0.8276193292353332, 0.2994953916445979],
  [0.3183758514904951, 0.6817320750415876, 0.6586943107748793],
  [0.15834105075418947, 0.960246262251133, 0.229902647829005],
  [0.38095803382750354, 0.1486746122375201, 0.9125605931324811],
  [0.2809746866092897, 0.13601993123288195, 0.9500272647625508]],

 [[0.30746934477461063, 0.17651413947751027, 0.9350429725891669],
  [0.5382449485968285, 0.7121636612968442, 0.4506831423941562],
  [0.6828730108542745, 0.35786653867009294, 0.6368798878494318],
  [0.600014092246569, 0.560977281525587, 0.5703398799993631],
  [0.9785295822331599, 0.19634394917740483, 0.06268102038111836],
  [0.02157307072152199, 0.7411525603369837, 0.6709899290791017],
  [0.06806590853420055, 0.9911191575773057, 0.11423592945595354],
  [0.5570478960892196, 0.6367502303401861, 0.533147995986381],
  [0.03218998110674958, 0.43093353804332485, 0.9018093428800843],
  [0.4792076618243907, 0.5658248059276675, 0.6709711661805728]],

 [[0.3939824315207684, 0.8937523176552212, 0.21444029084783342],
  [0.5969217858941605, 0.6405017162536782, 0.48315828979850767],
  [0.622600236205274, 0.3548356871370306, 0.6974672616052515],
  [0.32941938261327613, 0.5923043314949261, 0.7352948043139136],
  [0.5773093373094967, 0.5497137290541534, 0.6037621594176357],
  [0.14595680879813128, 0.8843070750509258, 0.4435060393955671],
  [0.5139806969643829, 0.10379804484588852, 0.8514985666659564],
  [0.6986320188004335, 0.06565322144861482, 0.7124626002957978],
  [0.9129640209616027, 0.32765682824677633, 0.24318244042875503],
  [0.8132835888977278, 0.4882910212906423, 0.3164517065155017]],

 [[0.3605760647664433, 0.30069505641623195, 0.8829311324018339],
  [0.07534567084101029, 0.9238391772324823, 0.3752921588521777],
  [0.452870678534438, 0.6270283339595978, 0.6338324833389409],
  [0.1813710206315476, 0.865141070853289, 0.4675847307150812],
  [0.9305324431950248, 0.017642674203043104, 0.3657842372334586],
  [0.5921561853116437, 0.14528955147177627, 0.7926171827750722],
  [0.59084151168393, 0.7662201785005001, 0.2526122446155577],
  [0.30808468559126406, 0.8922212612631415, 0.33018941148095704],
  [0.2021068142471283, 0.833120805007545, 0.5148422670085052],
  [0.2810434891497291, 0.5707648896335448, 0.771519279064466]],

 [[0.7868067211976183, 0.22923128046461794, 0.5730516586964958],
  [0.24273039493760606, 0.714992971870718, 0.6556424372696695],
  [0.7047485189300396, 0.7033307590235824, 0.09303423282441259],
  [0.5337731567970841, 0.2526181302366468, 0.8070131952815989],
  [0.8655963269907899, 0.284127010855558, 0.4123285588003082],
  [0.5569464150594529, 0.7722648835498219, 0.30564299499285735],
  [0.8788366689445591, 0.44104038193076955, 0.18201508405841602],
  [0.07970694753269007, 0.548966648629516, 0.8320351081580022],
  [0.9511304214999696, 0.30331579146267207, 0.05788308860680433],
  [0.17716836126920155, 0.586121417007311, 0.7906156185470455]],

 [[0.8094211971089162, 0.5841846043654448, 0.05971326228868786],
  [0.7726411853292998, 0.5445211709464208, 0.3263775315858509],
  [0.14815663833076992, 0.3048946673193473, 0.9407916094219538],
  [0.39993778910804695, 0.48556661758982106, 0.777351159210397],
  [0.3266711705969832, 0.5804208191939398, 0.7459206519107997],
  [0.578319852305409, 0.2046137190505759, 0.7897337363983774],
  [0.05855101990918804, 0.2095422288372244, 0.976044995070167],
  [0.3839051157156968, 0.46693556625653987, 0.7966103433247662],
  [0.6516770600631148, 0.44335307035248817, 0.6154307957817168],
  [0.6140549924916002, 0.667269926813018, 0.42152972726379606]],

 [[0.34139342228709696, 0.9187452755667074, 0.19838762522636985],
  [0.4008864030064847, 0.7596114254484401, 0.5121333558876158],
  [0.3587762156467379, 0.4454806147675576, 0.8202601105457489],
  [0.2071887956908817, 0.8465041990432091, 0.4904115047002642],
  [0.433025392075885, 0.7464406651966965, 0.5052873867001225],
  [0.5285834307022894, 0.2547622443071048, 0.8097504280101401],
  [0.08981377357761677, 0.8652061993975527, 0.4933069212972699],
  [0.7733875190450196, 0.627251011485131, 0.09180367082132077],
  [0.8149442031394516, 0.5659677532895009, 0.12468539612095263],
  [0.5018126789783433, 0.6348066202681637, 0.5875411390535047]],

 [[0.6183590508540607, 0.47955436486508607, 0.6226232370910267],
  [0.695725590052366, 0.2865489685713447, 0.6586771530552624],
  [0.12601444817744306, 0.29779306544529244, 0.9462767296215364],
  [0.355961625835706, 0.651149979797625, 0.67029472975845],
  [0.8091381566498625, 0.0854088132910898, 0.5813783433062073],
  [0.5512271441384125, 0.5151543090219285, 0.6563266514938649],
  [0.7123361248135591, 0.670214791420969, 0.20830117293512468],
  [0.4774708282205397, 0.8786320610073716, 0.0052258557510193576],
  [0.25697184457713174, 0.2159285085459109, 0.9419874469926682],
  [0.6212243637335763, 0.7161118209807025, 0.3182202849529175]],

 [[0.7850361013054762, 0.2903360837607197, 0.54719583159376],
  [0.5843915598153703, 0.5450240890793953, 0.6011948495618821],
  [0.4482952225257829, 0.6557219474411783, 0.6075031860858899],
  [0.7121945992733711, 0.6654046061285077, 0.2236415947644982],
  [0.9933723449843267, 0.07130014435841603, 0.09015361132427759],
  [0.151637394034386, 0.16529160773843043, 0.9745177192548656],
  [0.5850720359431628, 0.7338732434645586, 0.3451387768479965],
  [0.07526173385754234, 0.34576353494444784, 0.9352984814055223],
  [0.6307902807518733, 0.701266280151402, 0.33215843513538545],
  [0.6658457788947424, 0.5017922526681995, 0.55213579298052]]], shape=[10, 10, 3], strides=[30, 3, 1], layout=C (0x1), const ndim=3

